0 info it worked if it ends with ok
1 verbose cli [ '/usr/bin/node', '/usr/bin/npm', 'start' ]
2 info using npm@2.11.3
3 info using node@v0.12.7
4 verbose node symlink /usr/bin/node
5 verbose run-script [ 'prestart', 'start', 'poststart' ]
6 info prestart norch-angular-app@0.0.0
7 verbose unsafe-perm in lifecycle true
8 info start norch-angular-app@0.0.0
9 verbose unsafe-perm in lifecycle true
10 info norch-angular-app@0.0.0 Failed to exec start script
11 verbose stack Error: norch-angular-app@0.0.0 start: `http-server -a 10.0.1.115 -p 8080`
11 verbose stack Exit status 1
11 verbose stack     at EventEmitter.<anonymous> (/usr/lib/node_modules/npm/lib/utils/lifecycle.js:213:16)
11 verbose stack     at EventEmitter.emit (events.js:110:17)
11 verbose stack     at ChildProcess.<anonymous> (/usr/lib/node_modules/npm/lib/utils/spawn.js:24:14)
11 verbose stack     at ChildProcess.emit (events.js:110:17)
11 verbose stack     at maybeClose (child_process.js:1015:16)
11 verbose stack     at Process.ChildProcess._handle.onexit (child_process.js:1087:5)
12 verbose pkgid norch-angular-app@0.0.0
13 verbose cwd /var/www/resume-index/js
14 error Linux 3.13.0-52-generic
15 error argv "/usr/bin/node" "/usr/bin/npm" "start"
16 error node v0.12.7
17 error npm  v2.11.3
18 error code ELIFECYCLE
19 error norch-angular-app@0.0.0 start: `http-server -a 10.0.1.115 -p 8080`
19 error Exit status 1
20 error Failed at the norch-angular-app@0.0.0 start script 'http-server -a 10.0.1.115 -p 8080'.
20 error This is most likely a problem with the norch-angular-app package,
20 error not with npm itself.
20 error Tell the author that this fails on your system:
20 error     http-server -a 10.0.1.115 -p 8080
20 error You can get their info via:
20 error     npm owner ls norch-angular-app
20 error There is likely additional logging output above.
21 verbose exit [ 1, true ]
